d:\github\uni-work\year 2\term 1\games engine construction\hapi_start263\hapi_start\hapi_start\x64\debug\sprite.obj
d:\github\uni-work\year 2\term 1\games engine construction\hapi_start263\hapi_start\hapi_start\x64\debug\rectangle.obj
d:\github\uni-work\year 2\term 1\games engine construction\hapi_start263\hapi_start\hapi_start\x64\debug\main.obj
d:\github\uni-work\year 2\term 1\games engine construction\hapi_start263\hapi_start\hapi_start\x64\debug\graphicsengine.obj
d:\github\uni-work\year 2\term 1\games engine construction\hapi_start263\hapi_start\hapi_start\x64\debug\world.obj
d:\github\uni-work\year 2\term 1\games engine construction\hapi_start263\hapi_start\hapi_start\x64\debug\entity.obj
d:\github\uni-work\year 2\term 1\games engine construction\hapi_start263\hapi_start\hapi_start\x64\debug\player.obj
d:\github\uni-work\year 2\term 1\games engine construction\hapi_start263\hapi_start\hapi_start\x64\debug\object.obj
d:\github\uni-work\year 2\term 1\games engine construction\hapi_start263\hapi_start\hapi_start\x64\debug\enemy.obj
d:\github\uni-work\year 2\term 1\games engine construction\hapi_start263\hapi_start\hapi_start\x64\debug\vc143.pdb
d:\github\uni-work\year 2\term 1\games engine construction\hapi_start263\hapi_start\x64\debug\hapi_start.exe
d:\github\uni-work\year 2\term 1\games engine construction\hapi_start263\hapi_start\hapi_start\x64\debug\hapi_start.ilk
d:\github\uni-work\year 2\term 1\games engine construction\hapi_start263\hapi_start\x64\debug\hapi_start.pdb
d:\github\uni-work\year 2\term 1\games engine construction\hapi_start263\hapi_start\hapi_start\x64\debug\main.obj.enc
d:\github\uni-work\year 2\term 1\games engine construction\hapi_start263\hapi_start\hapi_start\x64\debug\world.obj.enc
d:\github\uni-work\year 2\term 1\games engine construction\hapi_start263\hapi_start\hapi_start\x64\debug\vc143.idb
d:\github\uni-work\year 2\term 1\games engine construction\hapi_start263\hapi_start\hapi_start\x64\debug\hapi_start.tlog\cl.command.1.tlog
d:\github\uni-work\year 2\term 1\games engine construction\hapi_start263\hapi_start\hapi_start\x64\debug\hapi_start.tlog\cl.read.1.tlog
d:\github\uni-work\year 2\term 1\games engine construction\hapi_start263\hapi_start\hapi_start\x64\debug\hapi_start.tlog\cl.write.1.tlog
d:\github\uni-work\year 2\term 1\games engine construction\hapi_start263\hapi_start\hapi_start\x64\debug\hapi_start.tlog\link.command.1.tlog
d:\github\uni-work\year 2\term 1\games engine construction\hapi_start263\hapi_start\hapi_start\x64\debug\hapi_start.tlog\link.read.1.tlog
d:\github\uni-work\year 2\term 1\games engine construction\hapi_start263\hapi_start\hapi_start\x64\debug\hapi_start.tlog\link.write.1.tlog
